{"level":"info","message":"API gateway is running on port 3000","service":"api-gateway","timestamp":"2026-02-16T03:49:33.955Z"}
{"level":"info","message":"Identity service is running on port http://locahost:3001","service":"api-gateway","timestamp":"2026-02-16T03:49:33.958Z"}
{"level":"info","message":"Redis Url redis://localhost:6379","service":"api-gateway","timestamp":"2026-02-16T03:49:33.959Z"}
{"level":"info","message":"API gateway is running on port 3000","service":"api-gateway","timestamp":"2026-02-16T03:50:05.741Z"}
{"level":"info","message":"Identity service is running on port http://locahost:3001","service":"api-gateway","timestamp":"2026-02-16T03:50:05.749Z"}
{"level":"info","message":"Redis Url redis://localhost:6379","service":"api-gateway","timestamp":"2026-02-16T03:50:05.750Z"}
{"level":"info","message":"Received POST request to /vi/auth/register","service":"api-gateway","timestamp":"2026-02-16T03:50:52.068Z"}
{"level":"info","message":"Request body, [object Object]","service":"api-gateway","timestamp":"2026-02-16T03:50:52.070Z"}
{"level":"info","message":"Received POST request to /vi/auth/register","service":"api-gateway","timestamp":"2026-02-16T03:51:18.847Z"}
{"level":"info","message":"Request body, [object Object]","service":"api-gateway","timestamp":"2026-02-16T03:51:18.848Z"}
{"level":"info","message":"Received POST request to /vi/auth/register","service":"api-gateway","timestamp":"2026-02-16T03:52:22.361Z"}
{"level":"info","message":"Request body, [object Object]","service":"api-gateway","timestamp":"2026-02-16T03:52:22.362Z"}
{"level":"info","message":"Received POST request to /v1/auth/register","service":"api-gateway","timestamp":"2026-02-16T03:53:01.720Z"}
{"level":"info","message":"Request body, [object Object]","service":"api-gateway","timestamp":"2026-02-16T03:53:01.720Z"}
{"level":"warn","message":"Proxy error: getaddrinfo ENOTFOUND locahost","service":"api-gateway","timestamp":"2026-02-16T03:53:01.819Z"}
{"level":"error","message":"Error: getaddrinfo ENOTFOUND locahost\n    at GetAddrInfoReqWrap.onlookupall [as oncomplete] (node:dns:122:26)","service":"api-gateway","timestamp":"2026-02-16T03:53:01.824Z"}
{"level":"info","message":"Received POST request to /v1/auth/register","service":"api-gateway","timestamp":"2026-02-16T03:53:14.792Z"}
{"level":"info","message":"Request body, [object Object]","service":"api-gateway","timestamp":"2026-02-16T03:53:14.792Z"}
{"level":"warn","message":"Proxy error: getaddrinfo ENOTFOUND locahost","service":"api-gateway","timestamp":"2026-02-16T03:53:14.809Z"}
{"level":"error","message":"Error: getaddrinfo ENOTFOUND locahost\n    at GetAddrInfoReqWrap.onlookupall [as oncomplete] (node:dns:122:26)","service":"api-gateway","timestamp":"2026-02-16T03:53:14.811Z"}
{"level":"info","message":"Received POST request to /v1/auth/register","service":"api-gateway","timestamp":"2026-02-16T03:53:17.849Z"}
{"level":"info","message":"Request body, [object Object]","service":"api-gateway","timestamp":"2026-02-16T03:53:17.849Z"}
{"level":"warn","message":"Proxy error: getaddrinfo ENOTFOUND locahost","service":"api-gateway","timestamp":"2026-02-16T03:53:17.854Z"}
{"level":"error","message":"Error: getaddrinfo ENOTFOUND locahost\n    at GetAddrInfoReqWrap.onlookupall [as oncomplete] (node:dns:122:26)","service":"api-gateway","timestamp":"2026-02-16T03:53:17.855Z"}
{"level":"info","message":"API gateway is running on port 3000","service":"api-gateway","timestamp":"2026-02-16T03:53:48.421Z"}
{"level":"info","message":"Identity service is running on port http://locahost:3001","service":"api-gateway","timestamp":"2026-02-16T03:53:48.424Z"}
{"level":"info","message":"Redis Url redis://localhost:6379","service":"api-gateway","timestamp":"2026-02-16T03:53:48.425Z"}
{"level":"info","message":"Received POST request to /v1/auth/register","service":"api-gateway","timestamp":"2026-02-16T03:54:09.363Z"}
{"level":"info","message":"Request body, [object Object]","service":"api-gateway","timestamp":"2026-02-16T03:54:09.363Z"}
{"level":"warn","message":"Proxy error: getaddrinfo ENOTFOUND locahost","service":"api-gateway","timestamp":"2026-02-16T03:54:09.381Z"}
{"level":"error","message":"Error: getaddrinfo ENOTFOUND locahost\n    at GetAddrInfoReqWrap.onlookupall [as oncomplete] (node:dns:122:26)","service":"api-gateway","timestamp":"2026-02-16T03:54:09.386Z"}
{"level":"info","message":"Received POST request to /v1/auth/register","service":"api-gateway","timestamp":"2026-02-16T03:56:13.921Z"}
{"level":"info","message":"Request body, [object Object]","service":"api-gateway","timestamp":"2026-02-16T03:56:13.921Z"}
{"level":"warn","message":"Proxy error: getaddrinfo ENOTFOUND locahost","service":"api-gateway","timestamp":"2026-02-16T03:56:13.925Z"}
{"level":"error","message":"Error: getaddrinfo ENOTFOUND locahost\n    at GetAddrInfoReqWrap.onlookupall [as oncomplete] (node:dns:122:26)","service":"api-gateway","timestamp":"2026-02-16T03:56:13.926Z"}
{"level":"info","message":"API gateway is running on port 3000","service":"api-gateway","timestamp":"2026-02-16T03:56:24.077Z"}
{"level":"info","message":"Identity service is running on port http://locahost:3001","service":"api-gateway","timestamp":"2026-02-16T03:56:24.081Z"}
{"level":"info","message":"Redis Url redis://localhost:6379","service":"api-gateway","timestamp":"2026-02-16T03:56:24.081Z"}
{"level":"info","message":"Received POST request to /v1/auth/register","service":"api-gateway","timestamp":"2026-02-16T03:56:30.445Z"}
{"level":"info","message":"Request body, [object Object]","service":"api-gateway","timestamp":"2026-02-16T03:56:30.446Z"}
{"level":"warn","message":"Proxy error: getaddrinfo ENOTFOUND locahost","service":"api-gateway","timestamp":"2026-02-16T03:56:30.466Z"}
{"level":"error","message":"Error: getaddrinfo ENOTFOUND locahost\n    at GetAddrInfoReqWrap.onlookupall [as oncomplete] (node:dns:122:26)","service":"api-gateway","timestamp":"2026-02-16T03:56:30.472Z"}
{"level":"info","message":"Received POST request to /v1/auth/register","service":"api-gateway","timestamp":"2026-02-16T03:56:35.445Z"}
{"level":"info","message":"Request body, [object Object]","service":"api-gateway","timestamp":"2026-02-16T03:56:35.446Z"}
{"level":"warn","message":"Proxy error: getaddrinfo ENOTFOUND locahost","service":"api-gateway","timestamp":"2026-02-16T03:56:35.459Z"}
{"level":"error","message":"Error: getaddrinfo ENOTFOUND locahost\n    at GetAddrInfoReqWrap.onlookupall [as oncomplete] (node:dns:122:26)","service":"api-gateway","timestamp":"2026-02-16T03:56:35.461Z"}
{"level":"info","message":"Received POST request to /v1/auth/register","service":"api-gateway","timestamp":"2026-02-16T03:57:25.740Z"}
{"level":"info","message":"Request body, [object Object]","service":"api-gateway","timestamp":"2026-02-16T03:57:25.740Z"}
{"level":"warn","message":"Proxy error: getaddrinfo ENOTFOUND locahost","service":"api-gateway","timestamp":"2026-02-16T03:57:25.745Z"}
{"level":"error","message":"Error: getaddrinfo ENOTFOUND locahost\n    at GetAddrInfoReqWrap.onlookupall [as oncomplete] (node:dns:122:26)","service":"api-gateway","timestamp":"2026-02-16T03:57:25.747Z"}
{"level":"info","message":"API gateway is running on port 3000","service":"api-gateway","timestamp":"2026-02-16T03:57:34.657Z"}
{"level":"info","message":"Identity service is running on port http://localhost:3001","service":"api-gateway","timestamp":"2026-02-16T03:57:34.661Z"}
{"level":"info","message":"Redis Url redis://localhost:6379","service":"api-gateway","timestamp":"2026-02-16T03:57:34.661Z"}
{"level":"info","message":"Received POST request to /v1/auth/register","service":"api-gateway","timestamp":"2026-02-16T03:57:38.437Z"}
{"level":"info","message":"Request body, [object Object]","service":"api-gateway","timestamp":"2026-02-16T03:57:38.438Z"}
{"level":"warn","message":"Proxy error: ","service":"api-gateway","timestamp":"2026-02-16T03:57:38.457Z"}
{"level":"error","message":"AggregateError [ECONNREFUSED]: \n    at internalConnectMultiple (node:net:1134:18)\n    at afterConnectMultiple (node:net:1715:7)","service":"api-gateway","timestamp":"2026-02-16T03:57:38.461Z"}
{"level":"info","message":"Received POST request to /v1/auth/register","service":"api-gateway","timestamp":"2026-02-16T03:57:55.872Z"}
{"level":"info","message":"Request body, [object Object]","service":"api-gateway","timestamp":"2026-02-16T03:57:55.872Z"}
{"level":"warn","message":"Response received from identity service 400","service":"api-gateway","timestamp":"2026-02-16T03:57:55.992Z"}
{"level":"info","message":"Received POST request to /v1/auth/register","service":"api-gateway","timestamp":"2026-02-16T03:58:15.925Z"}
{"level":"info","message":"Request body, [object Object]","service":"api-gateway","timestamp":"2026-02-16T03:58:15.925Z"}
{"level":"warn","message":"Response received from identity service 400","service":"api-gateway","timestamp":"2026-02-16T03:58:15.952Z"}
{"level":"info","message":"Received POST request to /v1/auth/register","service":"api-gateway","timestamp":"2026-02-16T03:58:42.220Z"}
{"level":"info","message":"Request body, [object Object]","service":"api-gateway","timestamp":"2026-02-16T03:58:42.220Z"}
{"level":"warn","message":"Response received from identity service 400","service":"api-gateway","timestamp":"2026-02-16T03:58:42.462Z"}
{"level":"info","message":"Received POST request to /v1/auth/register","service":"api-gateway","timestamp":"2026-02-16T03:58:53.311Z"}
{"level":"info","message":"Request body, [object Object]","service":"api-gateway","timestamp":"2026-02-16T03:58:53.311Z"}
{"level":"warn","message":"Response received from identity service 400","service":"api-gateway","timestamp":"2026-02-16T03:58:53.535Z"}
{"level":"info","message":"Received POST request to /v1/auth/register","service":"api-gateway","timestamp":"2026-02-16T03:59:13.118Z"}
{"level":"info","message":"Request body, [object Object]","service":"api-gateway","timestamp":"2026-02-16T03:59:13.118Z"}
{"level":"warn","message":"Response received from identity service 201","service":"api-gateway","timestamp":"2026-02-16T03:59:13.952Z"}
{"level":"info","message":"API gateway is running on port 3000","service":"api-gateway","timestamp":"2026-02-17T01:44:04.038Z"}
{"level":"info","message":"Identity service is running on port http://localhost:3001","service":"api-gateway","timestamp":"2026-02-17T01:44:04.042Z"}
{"level":"info","message":"Redis Url redis://localhost:6379","service":"api-gateway","timestamp":"2026-02-17T01:44:04.042Z"}
{"level":"info","message":"Received POST request to /v1/auth/login","service":"api-gateway","timestamp":"2026-02-17T01:44:24.277Z"}
{"level":"info","message":"Request body, [object Object]","service":"api-gateway","timestamp":"2026-02-17T01:44:24.279Z"}
{"level":"warn","message":"Response received from identity service 400","service":"api-gateway","timestamp":"2026-02-17T01:44:24.379Z"}
{"level":"info","message":"Received POST request to /v1/auth/login","service":"api-gateway","timestamp":"2026-02-17T01:44:52.533Z"}
{"level":"info","message":"Request body, [object Object]","service":"api-gateway","timestamp":"2026-02-17T01:44:52.535Z"}
{"level":"warn","message":"Response received from identity service 200","service":"api-gateway","timestamp":"2026-02-17T01:44:53.116Z"}
{"level":"info","message":"API gateway is running on port 3000","service":"api-gateway","timestamp":"2026-02-20T01:30:16.393Z"}
{"level":"info","message":"Identity service is running on port http://localhost:3001","service":"api-gateway","timestamp":"2026-02-20T01:30:16.397Z"}
{"level":"info","message":"Post service is running on port http://localhost:3002","service":"api-gateway","timestamp":"2026-02-20T01:30:16.398Z"}
{"level":"info","message":"Redis Url redis://localhost:6379","service":"api-gateway","timestamp":"2026-02-20T01:30:16.398Z"}
{"level":"info","message":"Received POST request to /v1/auth/login","service":"api-gateway","timestamp":"2026-02-20T01:30:23.228Z"}
{"level":"info","message":"Request body, [object Object]","service":"api-gateway","timestamp":"2026-02-20T01:30:23.229Z"}
{"level":"warn","message":"Response received from identity service 200","service":"api-gateway","timestamp":"2026-02-20T01:30:25.787Z"}
{"level":"info","message":"Received POST request to /v1/posts/create-post","service":"api-gateway","timestamp":"2026-02-20T01:32:16.587Z"}
{"level":"info","message":"Request body, undefined","service":"api-gateway","timestamp":"2026-02-20T01:32:16.588Z"}
{"level":"warn","message":"Response received from post service 500","service":"api-gateway","timestamp":"2026-02-20T01:32:16.759Z"}
{"level":"info","message":"Received POST request to /v1/posts/create-post","service":"api-gateway","timestamp":"2026-02-20T01:33:36.926Z"}
{"level":"info","message":"Request body, undefined","service":"api-gateway","timestamp":"2026-02-20T01:33:36.926Z"}
{"level":"warn","message":"Response received from post service 500","service":"api-gateway","timestamp":"2026-02-20T01:33:36.947Z"}
{"level":"info","message":"Received POST request to /v1/posts/create-post","service":"api-gateway","timestamp":"2026-02-20T01:37:04.659Z"}
{"level":"info","message":"Request body, [object Object]","service":"api-gateway","timestamp":"2026-02-20T01:37:04.660Z"}
{"level":"warn","message":"Response received from post service 500","service":"api-gateway","timestamp":"2026-02-20T01:37:04.677Z"}
{"level":"info","message":"Received POST request to /v1/posts/create-post","service":"api-gateway","timestamp":"2026-02-20T01:40:40.856Z"}
{"level":"info","message":"Request body, [object Object]","service":"api-gateway","timestamp":"2026-02-20T01:40:40.856Z"}
{"level":"warn","message":"Response received from post service 500","service":"api-gateway","timestamp":"2026-02-20T01:40:40.886Z"}
{"level":"info","message":"Received POST request to /v1/posts/create-post","service":"api-gateway","timestamp":"2026-02-20T01:52:18.067Z"}
{"level":"info","message":"Request body, [object Object]","service":"api-gateway","timestamp":"2026-02-20T01:52:18.069Z"}
{"level":"warn","message":"Response received from post service 400","service":"api-gateway","timestamp":"2026-02-20T01:52:18.146Z"}
{"level":"info","message":"Received POST request to /v1/posts/create-post","service":"api-gateway","timestamp":"2026-02-20T01:53:47.628Z"}
{"level":"info","message":"Request body, [object Object]","service":"api-gateway","timestamp":"2026-02-20T01:53:47.631Z"}
{"level":"warn","message":"Response received from post service 201","service":"api-gateway","timestamp":"2026-02-20T01:53:48.186Z"}
{"level":"info","message":"Received GET request to /project-managers/my-tasks","service":"api-gateway","timestamp":"2026-02-20T01:55:03.554Z"}
{"level":"info","message":"Request body, undefined","service":"api-gateway","timestamp":"2026-02-20T01:55:03.558Z"}
{"level":"info","message":"API gateway is running on port 3000","service":"api-gateway","timestamp":"2026-02-23T16:42:02.165Z"}
{"level":"info","message":"Identity service is running on port http://localhost:3001","service":"api-gateway","timestamp":"2026-02-23T16:42:02.171Z"}
{"level":"info","message":"Post service is running on port http://localhost:3002","service":"api-gateway","timestamp":"2026-02-23T16:42:02.172Z"}
{"level":"info","message":"Redis Url redis://localhost:6379","service":"api-gateway","timestamp":"2026-02-23T16:42:02.172Z"}
{"level":"info","message":"API gateway is running on port 3000","service":"api-gateway","timestamp":"2026-02-23T16:47:13.563Z"}
{"level":"info","message":"Identity service is running on port http://localhost:3001","service":"api-gateway","timestamp":"2026-02-23T16:47:13.568Z"}
{"level":"info","message":"Post service is running on port http://localhost:3002","service":"api-gateway","timestamp":"2026-02-23T16:47:13.583Z"}
{"level":"info","message":"Redis Url redis://localhost:6379","service":"api-gateway","timestamp":"2026-02-23T16:47:13.584Z"}
{"level":"info","message":"API gateway is running on port 3000","service":"api-gateway","timestamp":"2026-02-23T16:51:06.780Z"}
{"level":"info","message":"Identity service is running on port http://localhost:3001","service":"api-gateway","timestamp":"2026-02-23T16:51:06.785Z"}
{"level":"info","message":"Post service is running on port http://localhost:3002","service":"api-gateway","timestamp":"2026-02-23T16:51:06.787Z"}
{"level":"info","message":"Redis Url redis://localhost:6379","service":"api-gateway","timestamp":"2026-02-23T16:51:06.787Z"}
{"level":"info","message":"Received GET request to /_next/webpack-hmr?id=5M_WAT937pRlGNFjSESaz","service":"api-gateway","timestamp":"2026-02-23T16:51:10.931Z"}
{"level":"info","message":"Request body, undefined","service":"api-gateway","timestamp":"2026-02-23T16:51:10.932Z"}
{"level":"info","message":"Received GET request to /_next/webpack-hmr?id=hHDn6AhB0tMuJOGF0038X","service":"api-gateway","timestamp":"2026-02-23T16:51:10.955Z"}
{"level":"info","message":"Request body, undefined","service":"api-gateway","timestamp":"2026-02-23T16:51:10.955Z"}
{"level":"info","message":"Received GET request to /_next/webpack-hmr?id=hHDn6AhB0tMuJOGF0038X","service":"api-gateway","timestamp":"2026-02-23T16:51:17.029Z"}
{"level":"info","message":"Request body, undefined","service":"api-gateway","timestamp":"2026-02-23T16:51:17.030Z"}
{"level":"info","message":"Received GET request to /_next/webpack-hmr?id=5M_WAT937pRlGNFjSESaz","service":"api-gateway","timestamp":"2026-02-23T16:51:17.118Z"}
{"level":"info","message":"Request body, undefined","service":"api-gateway","timestamp":"2026-02-23T16:51:17.131Z"}
{"level":"info","message":"Received GET request to /project-managers","service":"api-gateway","timestamp":"2026-02-23T16:51:17.461Z"}
{"level":"info","message":"Request body, undefined","service":"api-gateway","timestamp":"2026-02-23T16:51:17.465Z"}
{"level":"info","message":"Received GET request to /admin/organization/users","service":"api-gateway","timestamp":"2026-02-23T16:51:17.509Z"}
{"level":"info","message":"Request body, undefined","service":"api-gateway","timestamp":"2026-02-23T16:51:17.509Z"}
{"level":"info","message":"Received GET request to /v1/posts/all-posts","service":"api-gateway","timestamp":"2026-02-23T16:51:19.305Z"}
{"level":"info","message":"Request body, undefined","service":"api-gateway","timestamp":"2026-02-23T16:51:19.305Z"}
{"level":"warn","message":"Access attempt without valid token!","service":"api-gateway","timestamp":"2026-02-23T16:51:19.306Z"}
{"level":"info","message":"Received POST request to /v1/auth/login","service":"api-gateway","timestamp":"2026-02-23T16:51:26.665Z"}
{"level":"info","message":"Request body, [object Object]","service":"api-gateway","timestamp":"2026-02-23T16:51:26.665Z"}
{"level":"warn","message":"Response received from identity service 200","service":"api-gateway","timestamp":"2026-02-23T16:51:27.384Z"}
{"level":"info","message":"Received GET request to /v1/posts/all-posts","service":"api-gateway","timestamp":"2026-02-23T16:52:07.620Z"}
{"level":"info","message":"Request body, undefined","service":"api-gateway","timestamp":"2026-02-23T16:52:07.620Z"}
{"level":"warn","message":"Response received from post service 200","service":"api-gateway","timestamp":"2026-02-23T16:52:08.166Z"}
{"level":"info","message":"Received GET request to /v1/posts/all-posts","service":"api-gateway","timestamp":"2026-02-23T16:52:55.300Z"}
{"level":"info","message":"Request body, undefined","service":"api-gateway","timestamp":"2026-02-23T16:52:55.300Z"}
{"level":"warn","message":"Response received from post service 200","service":"api-gateway","timestamp":"2026-02-23T16:52:55.327Z"}
