{"level":"info","message":"Identity service running on port 3001","service":"identity-service","timestamp":"2026-02-09T10:43:46.240Z"}
{"level":"info","message":"Connected to mongodb","service":"identity-service","timestamp":"2026-02-09T10:43:48.626Z"}
{"0":"r","1":"e","2":"a","3":"s","4":"o","5":"n","6":":","7":" ","level":"error","message":"Unhandled Rejection at","service":"identity-service","timestamp":"2026-02-09T10:43:57.076Z"}
{"0":"r","1":"e","2":"a","3":"s","4":"o","5":"n","6":":","7":" ","level":"error","message":"Unhandled Rejection at","service":"identity-service","timestamp":"2026-02-09T10:43:57.076Z"}
{"level":"info","message":"Identity service running on port 3001","service":"identity-service","timestamp":"2026-02-09T10:46:19.782Z"}
{"level":"info","message":"Connected to mongodb","service":"identity-service","timestamp":"2026-02-09T10:46:21.815Z"}
{"0":"r","1":"e","2":"a","3":"s","4":"o","5":"n","6":":","7":" ","level":"error","message":"Unhandled Rejection at","service":"identity-service","timestamp":"2026-02-09T10:46:30.506Z"}
{"0":"r","1":"e","2":"a","3":"s","4":"o","5":"n","6":":","7":" ","level":"error","message":"Unhandled Rejection at","service":"identity-service","timestamp":"2026-02-09T10:46:30.507Z"}
{"level":"info","message":"Identity service running on port 3001","service":"identity-service","timestamp":"2026-02-09T15:35:43.888Z"}
{"level":"info","message":"Connected to mongodb","service":"identity-service","timestamp":"2026-02-09T15:35:46.464Z"}
{"0":"r","1":"e","2":"a","3":"s","4":"o","5":"n","6":":","7":" ","level":"error","message":"Unhandled Rejection at","service":"identity-service","timestamp":"2026-02-09T15:35:54.782Z"}
{"0":"r","1":"e","2":"a","3":"s","4":"o","5":"n","6":":","7":" ","level":"error","message":"Unhandled Rejection at","service":"identity-service","timestamp":"2026-02-09T15:35:54.783Z"}
{"level":"info","message":"Identity service running on port 3001","service":"identity-service","timestamp":"2026-02-09T15:49:18.533Z"}
{"level":"info","message":"Connected to mongodb","service":"identity-service","timestamp":"2026-02-09T15:49:20.659Z"}
{"0":"r","1":"e","2":"a","3":"s","4":"o","5":"n","6":":","7":" ","level":"error","message":"Unhandled Rejection at","service":"identity-service","timestamp":"2026-02-09T15:49:29.278Z"}
{"0":"r","1":"e","2":"a","3":"s","4":"o","5":"n","6":":","7":" ","level":"error","message":"Unhandled Rejection at","service":"identity-service","timestamp":"2026-02-09T15:49:29.280Z"}
{"level":"info","message":"Identity service running on port 3001","service":"identity-service","timestamp":"2026-02-10T06:39:03.200Z"}
{"level":"info","message":"Connected to mongodb","service":"identity-service","timestamp":"2026-02-10T06:39:06.177Z"}
{"level":"info","message":"Identity service running on port 3001","service":"identity-service","timestamp":"2026-02-11T00:34:34.147Z"}
{"level":"info","message":"Connected to mongodb","service":"identity-service","timestamp":"2026-02-11T00:34:36.621Z"}
{"0":"r","1":"e","2":"a","3":"s","4":"o","5":"n","6":":","7":" ","level":"error","message":"Unhandled Rejection at","service":"identity-service","timestamp":"2026-02-11T00:34:44.760Z"}
{"0":"r","1":"e","2":"a","3":"s","4":"o","5":"n","6":":","7":" ","level":"error","message":"Unhandled Rejection at","service":"identity-service","timestamp":"2026-02-11T00:34:44.761Z"}
{"level":"info","message":"Identity service running on port 3001","service":"identity-service","timestamp":"2026-02-11T00:35:00.721Z"}
{"level":"info","message":"Connected to mongodb","service":"identity-service","timestamp":"2026-02-11T00:35:03.699Z"}
{"level":"info","message":"Received POST request to /api/auth/register","service":"identity-service","timestamp":"2026-02-11T00:36:41.503Z"}
{"level":"info","message":"Request body, [object Object]","service":"identity-service","timestamp":"2026-02-11T00:36:41.503Z"}
{"level":"info","message":"Identity service running on port 3001","service":"identity-service","timestamp":"2026-02-11T00:38:03.711Z"}
{"level":"info","message":"Connected to mongodb","service":"identity-service","timestamp":"2026-02-11T00:38:06.001Z"}
{"level":"info","message":"Received POST request to /api/auth/register","service":"identity-service","timestamp":"2026-02-11T00:38:39.864Z"}
{"level":"info","message":"Request body, [object Object]","service":"identity-service","timestamp":"2026-02-11T00:38:39.865Z"}
{"level":"info","message":"Registration endpoint hit...","service":"identity-service","timestamp":"2026-02-11T00:38:39.882Z"}
{"level":"error","message":"Registration error occurred validateRegistration is not a function","service":"identity-service","stack":"TypeError: validateRegistration is not a function\n    at registerUser (/Users/mac/Documents/Portfolio/Backend/Node:Nest/social-media-microservices/identity-service/src/controllers/identity-controller.js:11:23)\n    at Layer.handleRequest (/Users/mac/Documents/Portfolio/Backend/Node:Nest/social-media-microservices/identity-service/node_modules/router/lib/layer.js:152:17)\n    at next (/Users/mac/Documents/Portfolio/Backend/Node:Nest/social-media-microservices/identity-service/node_modules/router/lib/route.js:157:13)\n    at Route.dispatch (/Users/mac/Documents/Portfolio/Backend/Node:Nest/social-media-microservices/identity-service/node_modules/router/lib/route.js:117:3)\n    at handle (/Users/mac/Documents/Portfolio/Backend/Node:Nest/social-media-microservices/identity-service/node_modules/router/index.js:435:11)\n    at Layer.handleRequest (/Users/mac/Documents/Portfolio/Backend/Node:Nest/social-media-microservices/identity-service/node_modules/router/lib/layer.js:152:17)\n    at /Users/mac/Documents/Portfolio/Backend/Node:Nest/social-media-microservices/identity-service/node_modules/router/index.js:295:15\n    at processParams (/Users/mac/Documents/Portfolio/Backend/Node:Nest/social-media-microservices/identity-service/node_modules/router/index.js:582:12)\n    at next (/Users/mac/Documents/Portfolio/Backend/Node:Nest/social-media-microservices/identity-service/node_modules/router/index.js:291:5)\n    at router.handle (/Users/mac/Documents/Portfolio/Backend/Node:Nest/social-media-microservices/identity-service/node_modules/router/index.js:186:3)","timestamp":"2026-02-11T00:38:39.884Z"}
{"level":"info","message":"Received POST request to /api/auth/register","service":"identity-service","timestamp":"2026-02-11T00:39:02.259Z"}
{"level":"info","message":"Request body, [object Object]","service":"identity-service","timestamp":"2026-02-11T00:39:02.260Z"}
{"level":"info","message":"Registration endpoint hit...","service":"identity-service","timestamp":"2026-02-11T00:39:02.264Z"}
{"level":"error","message":"Registration error occurred validateRegistration is not a function","service":"identity-service","stack":"TypeError: validateRegistration is not a function\n    at registerUser (/Users/mac/Documents/Portfolio/Backend/Node:Nest/social-media-microservices/identity-service/src/controllers/identity-controller.js:11:23)\n    at Layer.handleRequest (/Users/mac/Documents/Portfolio/Backend/Node:Nest/social-media-microservices/identity-service/node_modules/router/lib/layer.js:152:17)\n    at next (/Users/mac/Documents/Portfolio/Backend/Node:Nest/social-media-microservices/identity-service/node_modules/router/lib/route.js:157:13)\n    at Route.dispatch (/Users/mac/Documents/Portfolio/Backend/Node:Nest/social-media-microservices/identity-service/node_modules/router/lib/route.js:117:3)\n    at handle (/Users/mac/Documents/Portfolio/Backend/Node:Nest/social-media-microservices/identity-service/node_modules/router/index.js:435:11)\n    at Layer.handleRequest (/Users/mac/Documents/Portfolio/Backend/Node:Nest/social-media-microservices/identity-service/node_modules/router/lib/layer.js:152:17)\n    at /Users/mac/Documents/Portfolio/Backend/Node:Nest/social-media-microservices/identity-service/node_modules/router/index.js:295:15\n    at processParams (/Users/mac/Documents/Portfolio/Backend/Node:Nest/social-media-microservices/identity-service/node_modules/router/index.js:582:12)\n    at next (/Users/mac/Documents/Portfolio/Backend/Node:Nest/social-media-microservices/identity-service/node_modules/router/index.js:291:5)\n    at router.handle (/Users/mac/Documents/Portfolio/Backend/Node:Nest/social-media-microservices/identity-service/node_modules/router/index.js:186:3)","timestamp":"2026-02-11T00:39:02.264Z"}
{"level":"info","message":"Identity service running on port 3001","service":"identity-service","timestamp":"2026-02-11T00:39:56.939Z"}
{"level":"info","message":"Connected to mongodb","service":"identity-service","timestamp":"2026-02-11T00:39:59.757Z"}
{"level":"info","message":"Received POST request to /api/auth/register","service":"identity-service","timestamp":"2026-02-11T00:40:07.513Z"}
{"level":"info","message":"Request body, [object Object]","service":"identity-service","timestamp":"2026-02-11T00:40:07.513Z"}
{"level":"info","message":"Registration endpoint hit...","service":"identity-service","timestamp":"2026-02-11T00:40:07.524Z"}
{"level":"error","message":"Registration error occurred validateRegistration is not a function","service":"identity-service","stack":"TypeError: validateRegistration is not a function\n    at registerUser (/Users/mac/Documents/Portfolio/Backend/Node:Nest/social-media-microservices/identity-service/src/controllers/identity-controller.js:11:23)\n    at Layer.handleRequest (/Users/mac/Documents/Portfolio/Backend/Node:Nest/social-media-microservices/identity-service/node_modules/router/lib/layer.js:152:17)\n    at next (/Users/mac/Documents/Portfolio/Backend/Node:Nest/social-media-microservices/identity-service/node_modules/router/lib/route.js:157:13)\n    at Route.dispatch (/Users/mac/Documents/Portfolio/Backend/Node:Nest/social-media-microservices/identity-service/node_modules/router/lib/route.js:117:3)\n    at handle (/Users/mac/Documents/Portfolio/Backend/Node:Nest/social-media-microservices/identity-service/node_modules/router/index.js:435:11)\n    at Layer.handleRequest (/Users/mac/Documents/Portfolio/Backend/Node:Nest/social-media-microservices/identity-service/node_modules/router/lib/layer.js:152:17)\n    at /Users/mac/Documents/Portfolio/Backend/Node:Nest/social-media-microservices/identity-service/node_modules/router/index.js:295:15\n    at processParams (/Users/mac/Documents/Portfolio/Backend/Node:Nest/social-media-microservices/identity-service/node_modules/router/index.js:582:12)\n    at next (/Users/mac/Documents/Portfolio/Backend/Node:Nest/social-media-microservices/identity-service/node_modules/router/index.js:291:5)\n    at router.handle (/Users/mac/Documents/Portfolio/Backend/Node:Nest/social-media-microservices/identity-service/node_modules/router/index.js:186:3)","timestamp":"2026-02-11T00:40:07.525Z"}
{"level":"info","message":"Identity service running on port 3001","service":"identity-service","timestamp":"2026-02-11T00:47:21.887Z"}
{"level":"info","message":"Connected to mongodb","service":"identity-service","timestamp":"2026-02-11T00:47:24.271Z"}
{"level":"info","message":"Received POST request to /api/auth/register","service":"identity-service","timestamp":"2026-02-11T00:47:27.421Z"}
{"level":"info","message":"Request body, [object Object]","service":"identity-service","timestamp":"2026-02-11T00:47:27.422Z"}
{"level":"info","message":"Registration endpoint hit...","service":"identity-service","timestamp":"2026-02-11T00:47:27.440Z"}
{"level":"error","message":"Registration error occurred validateRegistration is not a function","service":"identity-service","stack":"TypeError: validateRegistration is not a function\n    at registerUser (/Users/mac/Documents/Portfolio/Backend/Node:Nest/social-media-microservices/identity-service/src/controllers/identity-controller.js:11:23)\n    at Layer.handleRequest (/Users/mac/Documents/Portfolio/Backend/Node:Nest/social-media-microservices/identity-service/node_modules/router/lib/layer.js:152:17)\n    at next (/Users/mac/Documents/Portfolio/Backend/Node:Nest/social-media-microservices/identity-service/node_modules/router/lib/route.js:157:13)\n    at Route.dispatch (/Users/mac/Documents/Portfolio/Backend/Node:Nest/social-media-microservices/identity-service/node_modules/router/lib/route.js:117:3)\n    at handle (/Users/mac/Documents/Portfolio/Backend/Node:Nest/social-media-microservices/identity-service/node_modules/router/index.js:435:11)\n    at Layer.handleRequest (/Users/mac/Documents/Portfolio/Backend/Node:Nest/social-media-microservices/identity-service/node_modules/router/lib/layer.js:152:17)\n    at /Users/mac/Documents/Portfolio/Backend/Node:Nest/social-media-microservices/identity-service/node_modules/router/index.js:295:15\n    at processParams (/Users/mac/Documents/Portfolio/Backend/Node:Nest/social-media-microservices/identity-service/node_modules/router/index.js:582:12)\n    at next (/Users/mac/Documents/Portfolio/Backend/Node:Nest/social-media-microservices/identity-service/node_modules/router/index.js:291:5)\n    at router.handle (/Users/mac/Documents/Portfolio/Backend/Node:Nest/social-media-microservices/identity-service/node_modules/router/index.js:186:3)","timestamp":"2026-02-11T00:47:27.441Z"}
{"level":"info","message":"Identity service running on port 3001","service":"identity-service","timestamp":"2026-02-11T00:50:26.910Z"}
{"level":"info","message":"Received POST request to /api/auth/register","service":"identity-service","timestamp":"2026-02-11T00:50:29.054Z"}
{"level":"info","message":"Request body, [object Object]","service":"identity-service","timestamp":"2026-02-11T00:50:29.056Z"}
{"level":"info","message":"Registration endpoint hit...","service":"identity-service","timestamp":"2026-02-11T00:50:29.088Z"}
{"level":"error","message":"Registration error occurred validateRegistration is not a function","service":"identity-service","stack":"TypeError: validateRegistration is not a function\n    at registerUser (/Users/mac/Documents/Portfolio/Backend/Node:Nest/social-media-microservices/identity-service/src/controllers/identity-controller.js:11:23)\n    at Layer.handleRequest (/Users/mac/Documents/Portfolio/Backend/Node:Nest/social-media-microservices/identity-service/node_modules/router/lib/layer.js:152:17)\n    at next (/Users/mac/Documents/Portfolio/Backend/Node:Nest/social-media-microservices/identity-service/node_modules/router/lib/route.js:157:13)\n    at Route.dispatch (/Users/mac/Documents/Portfolio/Backend/Node:Nest/social-media-microservices/identity-service/node_modules/router/lib/route.js:117:3)\n    at handle (/Users/mac/Documents/Portfolio/Backend/Node:Nest/social-media-microservices/identity-service/node_modules/router/index.js:435:11)\n    at Layer.handleRequest (/Users/mac/Documents/Portfolio/Backend/Node:Nest/social-media-microservices/identity-service/node_modules/router/lib/layer.js:152:17)\n    at /Users/mac/Documents/Portfolio/Backend/Node:Nest/social-media-microservices/identity-service/node_modules/router/index.js:295:15\n    at processParams (/Users/mac/Documents/Portfolio/Backend/Node:Nest/social-media-microservices/identity-service/node_modules/router/index.js:582:12)\n    at next (/Users/mac/Documents/Portfolio/Backend/Node:Nest/social-media-microservices/identity-service/node_modules/router/index.js:291:5)\n    at router.handle (/Users/mac/Documents/Portfolio/Backend/Node:Nest/social-media-microservices/identity-service/node_modules/router/index.js:186:3)","timestamp":"2026-02-11T00:50:29.089Z"}
{"level":"info","message":"Connected to mongodb","service":"identity-service","timestamp":"2026-02-11T00:50:29.427Z"}
{"level":"info","message":"Received POST request to /api/auth/register","service":"identity-service","timestamp":"2026-02-11T00:50:45.744Z"}
{"level":"info","message":"Request body, [object Object]","service":"identity-service","timestamp":"2026-02-11T00:50:45.744Z"}
{"level":"info","message":"Registration endpoint hit...","service":"identity-service","timestamp":"2026-02-11T00:50:45.765Z"}
{"level":"error","message":"Registration error occurred validateRegistration is not a function","service":"identity-service","stack":"TypeError: validateRegistration is not a function\n    at registerUser (/Users/mac/Documents/Portfolio/Backend/Node:Nest/social-media-microservices/identity-service/src/controllers/identity-controller.js:11:23)\n    at Layer.handleRequest (/Users/mac/Documents/Portfolio/Backend/Node:Nest/social-media-microservices/identity-service/node_modules/router/lib/layer.js:152:17)\n    at next (/Users/mac/Documents/Portfolio/Backend/Node:Nest/social-media-microservices/identity-service/node_modules/router/lib/route.js:157:13)\n    at Route.dispatch (/Users/mac/Documents/Portfolio/Backend/Node:Nest/social-media-microservices/identity-service/node_modules/router/lib/route.js:117:3)\n    at handle (/Users/mac/Documents/Portfolio/Backend/Node:Nest/social-media-microservices/identity-service/node_modules/router/index.js:435:11)\n    at Layer.handleRequest (/Users/mac/Documents/Portfolio/Backend/Node:Nest/social-media-microservices/identity-service/node_modules/router/lib/layer.js:152:17)\n    at /Users/mac/Documents/Portfolio/Backend/Node:Nest/social-media-microservices/identity-service/node_modules/router/index.js:295:15\n    at processParams (/Users/mac/Documents/Portfolio/Backend/Node:Nest/social-media-microservices/identity-service/node_modules/router/index.js:582:12)\n    at next (/Users/mac/Documents/Portfolio/Backend/Node:Nest/social-media-microservices/identity-service/node_modules/router/index.js:291:5)\n    at router.handle (/Users/mac/Documents/Portfolio/Backend/Node:Nest/social-media-microservices/identity-service/node_modules/router/index.js:186:3)","timestamp":"2026-02-11T00:50:45.766Z"}
{"level":"info","message":"Identity service running on port 3001","service":"identity-service","timestamp":"2026-02-11T00:51:44.089Z"}
{"level":"info","message":"Connected to mongodb","service":"identity-service","timestamp":"2026-02-11T00:51:46.993Z"}
{"level":"info","message":"Received POST request to /api/auth/register","service":"identity-service","timestamp":"2026-02-11T00:51:57.197Z"}
{"level":"info","message":"Request body, [object Object]","service":"identity-service","timestamp":"2026-02-11T00:51:57.198Z"}
{"level":"info","message":"Registration endpoint hit...","service":"identity-service","timestamp":"2026-02-11T00:51:57.211Z"}
{"level":"error","message":"Registration error occurred validateRegistration is not a function","service":"identity-service","stack":"TypeError: validateRegistration is not a function\n    at registerUser (/Users/mac/Documents/Portfolio/Backend/Node:Nest/social-media-microservices/identity-service/src/controllers/identity-controller.js:11:23)\n    at Layer.handleRequest (/Users/mac/Documents/Portfolio/Backend/Node:Nest/social-media-microservices/identity-service/node_modules/router/lib/layer.js:152:17)\n    at next (/Users/mac/Documents/Portfolio/Backend/Node:Nest/social-media-microservices/identity-service/node_modules/router/lib/route.js:157:13)\n    at Route.dispatch (/Users/mac/Documents/Portfolio/Backend/Node:Nest/social-media-microservices/identity-service/node_modules/router/lib/route.js:117:3)\n    at handle (/Users/mac/Documents/Portfolio/Backend/Node:Nest/social-media-microservices/identity-service/node_modules/router/index.js:435:11)\n    at Layer.handleRequest (/Users/mac/Documents/Portfolio/Backend/Node:Nest/social-media-microservices/identity-service/node_modules/router/lib/layer.js:152:17)\n    at /Users/mac/Documents/Portfolio/Backend/Node:Nest/social-media-microservices/identity-service/node_modules/router/index.js:295:15\n    at processParams (/Users/mac/Documents/Portfolio/Backend/Node:Nest/social-media-microservices/identity-service/node_modules/router/index.js:582:12)\n    at next (/Users/mac/Documents/Portfolio/Backend/Node:Nest/social-media-microservices/identity-service/node_modules/router/index.js:291:5)\n    at router.handle (/Users/mac/Documents/Portfolio/Backend/Node:Nest/social-media-microservices/identity-service/node_modules/router/index.js:186:3)","timestamp":"2026-02-11T00:51:57.215Z"}
{"level":"info","message":"Received POST request to /api/auth/register","service":"identity-service","timestamp":"2026-02-11T00:55:49.828Z"}
{"level":"info","message":"Request body, [object Object]","service":"identity-service","timestamp":"2026-02-11T00:55:49.829Z"}
{"level":"info","message":"Registration endpoint hit...","service":"identity-service","timestamp":"2026-02-11T00:55:49.831Z"}
{"level":"error","message":"Registration error occurred validateRegistration is not a function","service":"identity-service","stack":"TypeError: validateRegistration is not a function\n    at registerUser (/Users/mac/Documents/Portfolio/Backend/Node:Nest/social-media-microservices/identity-service/src/controllers/identity-controller.js:11:23)\n    at Layer.handleRequest (/Users/mac/Documents/Portfolio/Backend/Node:Nest/social-media-microservices/identity-service/node_modules/router/lib/layer.js:152:17)\n    at next (/Users/mac/Documents/Portfolio/Backend/Node:Nest/social-media-microservices/identity-service/node_modules/router/lib/route.js:157:13)\n    at Route.dispatch (/Users/mac/Documents/Portfolio/Backend/Node:Nest/social-media-microservices/identity-service/node_modules/router/lib/route.js:117:3)\n    at handle (/Users/mac/Documents/Portfolio/Backend/Node:Nest/social-media-microservices/identity-service/node_modules/router/index.js:435:11)\n    at Layer.handleRequest (/Users/mac/Documents/Portfolio/Backend/Node:Nest/social-media-microservices/identity-service/node_modules/router/lib/layer.js:152:17)\n    at /Users/mac/Documents/Portfolio/Backend/Node:Nest/social-media-microservices/identity-service/node_modules/router/index.js:295:15\n    at processParams (/Users/mac/Documents/Portfolio/Backend/Node:Nest/social-media-microservices/identity-service/node_modules/router/index.js:582:12)\n    at next (/Users/mac/Documents/Portfolio/Backend/Node:Nest/social-media-microservices/identity-service/node_modules/router/index.js:291:5)\n    at router.handle (/Users/mac/Documents/Portfolio/Backend/Node:Nest/social-media-microservices/identity-service/node_modules/router/index.js:186:3)","timestamp":"2026-02-11T00:55:49.832Z"}
{"level":"info","message":"Received POST request to /api/auth/register","service":"identity-service","timestamp":"2026-02-11T01:14:18.817Z"}
{"level":"info","message":"Request body, [object Object]","service":"identity-service","timestamp":"2026-02-11T01:14:18.818Z"}
{"level":"info","message":"Registration endpoint hit...","service":"identity-service","timestamp":"2026-02-11T01:14:18.839Z"}
{"level":"error","message":"Registration error occurred validateRegistration is not a function","service":"identity-service","stack":"TypeError: validateRegistration is not a function\n    at registerUser (/Users/mac/Documents/Portfolio/Backend/Node:Nest/social-media-microservices/identity-service/src/controllers/identity-controller.js:11:23)\n    at Layer.handleRequest (/Users/mac/Documents/Portfolio/Backend/Node:Nest/social-media-microservices/identity-service/node_modules/router/lib/layer.js:152:17)\n    at next (/Users/mac/Documents/Portfolio/Backend/Node:Nest/social-media-microservices/identity-service/node_modules/router/lib/route.js:157:13)\n    at Route.dispatch (/Users/mac/Documents/Portfolio/Backend/Node:Nest/social-media-microservices/identity-service/node_modules/router/lib/route.js:117:3)\n    at handle (/Users/mac/Documents/Portfolio/Backend/Node:Nest/social-media-microservices/identity-service/node_modules/router/index.js:435:11)\n    at Layer.handleRequest (/Users/mac/Documents/Portfolio/Backend/Node:Nest/social-media-microservices/identity-service/node_modules/router/lib/layer.js:152:17)\n    at /Users/mac/Documents/Portfolio/Backend/Node:Nest/social-media-microservices/identity-service/node_modules/router/index.js:295:15\n    at processParams (/Users/mac/Documents/Portfolio/Backend/Node:Nest/social-media-microservices/identity-service/node_modules/router/index.js:582:12)\n    at next (/Users/mac/Documents/Portfolio/Backend/Node:Nest/social-media-microservices/identity-service/node_modules/router/index.js:291:5)\n    at router.handle (/Users/mac/Documents/Portfolio/Backend/Node:Nest/social-media-microservices/identity-service/node_modules/router/index.js:186:3)","timestamp":"2026-02-11T01:14:18.843Z"}
{"level":"info","message":"Identity service running on port 3001","service":"identity-service","timestamp":"2026-02-11T01:19:09.127Z"}
{"level":"info","message":"Connected to mongodb","service":"identity-service","timestamp":"2026-02-11T01:19:11.501Z"}
{"level":"info","message":"Identity service running on port 3001","service":"identity-service","timestamp":"2026-02-11T01:19:21.439Z"}
{"level":"info","message":"Connected to mongodb","service":"identity-service","timestamp":"2026-02-11T01:19:23.890Z"}
{"level":"info","message":"Identity service running on port 3001","service":"identity-service","timestamp":"2026-02-11T01:19:33.171Z"}
{"level":"info","message":"Connected to mongodb","service":"identity-service","timestamp":"2026-02-11T01:19:35.173Z"}
{"level":"info","message":"Identity service running on port 3001","service":"identity-service","timestamp":"2026-02-11T01:19:43.320Z"}
{"level":"info","message":"Connected to mongodb","service":"identity-service","timestamp":"2026-02-11T01:19:45.513Z"}
{"level":"info","message":"Identity service running on port 3001","service":"identity-service","timestamp":"2026-02-11T01:20:31.249Z"}
{"level":"info","message":"Identity service running on port 3001","service":"identity-service","timestamp":"2026-02-11T01:20:40.149Z"}
{"level":"info","message":"Connected to mongodb","service":"identity-service","timestamp":"2026-02-11T01:20:42.166Z"}
{"level":"info","message":"Received POST request to /api/auth/register","service":"identity-service","timestamp":"2026-02-11T01:20:51.511Z"}
{"level":"info","message":"Request body, [object Object]","service":"identity-service","timestamp":"2026-02-11T01:20:51.514Z"}
{"level":"info","message":"Registration endpoint hit...","service":"identity-service","timestamp":"2026-02-11T01:20:51.528Z"}
{"buffer":{"data":[105,139,217,115,150,114,109,115,105,178,51,157],"type":"Buffer"},"level":"warn","message":"User save successfully","service":"identity-service","timestamp":"2026-02-11T01:20:52.170Z"}
{"level":"info","message":"Received POST request to /api/auth/register","service":"identity-service","timestamp":"2026-02-11T03:56:27.586Z"}
{"level":"info","message":"Request body, [object Object]","service":"identity-service","timestamp":"2026-02-11T03:56:27.671Z"}
{"level":"info","message":"Registration endpoint hit...","service":"identity-service","timestamp":"2026-02-11T03:56:27.898Z"}
{"0":"\"","1":"p","10":" ","11":"l","12":"e","13":"n","14":"g","15":"t","16":"h","17":" ","18":"m","19":"u","2":"a","20":"s","21":"t","22":" ","23":"b","24":"e","25":" ","26":"a","27":"t","28":" ","29":"l","3":"s","30":"e","31":"a","32":"s","33":"t","34":" ","35":"6","36":" ","37":"c","38":"h","39":"a","4":"s","40":"r","41":"a","42":"c","43":"t","44":"e","45":"r","46":"s","47":" ","48":"l","49":"o","5":"w","50":"n","51":"g","6":"o","7":"r","8":"d","9":"\"","level":"warn","message":"Validation error","service":"identity-service","timestamp":"2026-02-11T03:56:28.058Z"}
{"level":"info","message":"Received POST request to /api/auth/register","service":"identity-service","timestamp":"2026-02-11T03:56:37.546Z"}
{"level":"info","message":"Request body, [object Object]","service":"identity-service","timestamp":"2026-02-11T03:56:37.547Z"}
{"level":"info","message":"Registration endpoint hit...","service":"identity-service","timestamp":"2026-02-11T03:56:37.553Z"}
{"0":"\"","1":"u","10":" ","11":"l","12":"e","13":"n","14":"g","15":"t","16":"h","17":" ","18":"m","19":"u","2":"s","20":"s","21":"t","22":" ","23":"b","24":"e","25":" ","26":"a","27":"t","28":" ","29":"l","3":"e","30":"e","31":"a","32":"s","33":"t","34":" ","35":"3","36":" ","37":"c","38":"h","39":"a","4":"r","40":"r","41":"a","42":"c","43":"t","44":"e","45":"r","46":"s","47":" ","48":"l","49":"o","5":"n","50":"n","51":"g","6":"a","7":"m","8":"e","9":"\"","level":"warn","message":"Validation error","service":"identity-service","timestamp":"2026-02-11T03:56:37.562Z"}
{"level":"info","message":"Identity service running on port 3001","service":"identity-service","timestamp":"2026-02-16T03:51:11.675Z"}
{"level":"info","message":"Connected to mongodb","service":"identity-service","timestamp":"2026-02-16T03:51:13.923Z"}
{"level":"info","message":"Received POST request to /v1/auth/register","service":"identity-service","timestamp":"2026-02-16T03:52:40.824Z"}
{"level":"info","message":"Request body, [object Object]","service":"identity-service","timestamp":"2026-02-16T03:52:40.824Z"}
{"level":"info","message":"Identity service running on port 3001","service":"identity-service","timestamp":"2026-02-16T03:53:11.902Z"}
{"level":"info","message":"Connected to mongodb","service":"identity-service","timestamp":"2026-02-16T03:53:14.730Z"}
{"level":"info","message":"Identity service running on port 3001","service":"identity-service","timestamp":"2026-02-16T03:57:51.295Z"}
{"level":"info","message":"Connected to mongodb","service":"identity-service","timestamp":"2026-02-16T03:57:53.284Z"}
{"level":"info","message":"Received POST request to /api/auth/register","service":"identity-service","timestamp":"2026-02-16T03:57:55.914Z"}
{"level":"info","message":"Request body, [object Object]","service":"identity-service","timestamp":"2026-02-16T03:57:55.914Z"}
{"level":"info","message":"Registration endpoint hit...","service":"identity-service","timestamp":"2026-02-16T03:57:55.930Z"}
{"0":"\"","1":"p","10":" ","11":"l","12":"e","13":"n","14":"g","15":"t","16":"h","17":" ","18":"m","19":"u","2":"a","20":"s","21":"t","22":" ","23":"b","24":"e","25":" ","26":"a","27":"t","28":" ","29":"l","3":"s","30":"e","31":"a","32":"s","33":"t","34":" ","35":"6","36":" ","37":"c","38":"h","39":"a","4":"s","40":"r","41":"a","42":"c","43":"t","44":"e","45":"r","46":"s","47":" ","48":"l","49":"o","5":"w","50":"n","51":"g","6":"o","7":"r","8":"d","9":"\"","level":"warn","message":"Validation error","service":"identity-service","timestamp":"2026-02-16T03:57:55.962Z"}
{"level":"info","message":"Received POST request to /api/auth/register","service":"identity-service","timestamp":"2026-02-16T03:58:15.933Z"}
{"level":"info","message":"Request body, [object Object]","service":"identity-service","timestamp":"2026-02-16T03:58:15.933Z"}
{"level":"info","message":"Registration endpoint hit...","service":"identity-service","timestamp":"2026-02-16T03:58:15.936Z"}
{"0":"\"","1":"p","10":" ","11":"l","12":"e","13":"n","14":"g","15":"t","16":"h","17":" ","18":"m","19":"u","2":"a","20":"s","21":"t","22":" ","23":"b","24":"e","25":" ","26":"a","27":"t","28":" ","29":"l","3":"s","30":"e","31":"a","32":"s","33":"t","34":" ","35":"6","36":" ","37":"c","38":"h","39":"a","4":"s","40":"r","41":"a","42":"c","43":"t","44":"e","45":"r","46":"s","47":" ","48":"l","49":"o","5":"w","50":"n","51":"g","6":"o","7":"r","8":"d","9":"\"","level":"warn","message":"Validation error","service":"identity-service","timestamp":"2026-02-16T03:58:15.939Z"}
{"level":"info","message":"Received POST request to /api/auth/register","service":"identity-service","timestamp":"2026-02-16T03:58:42.226Z"}
{"level":"info","message":"Request body, [object Object]","service":"identity-service","timestamp":"2026-02-16T03:58:42.232Z"}
{"level":"info","message":"Registration endpoint hit...","service":"identity-service","timestamp":"2026-02-16T03:58:42.237Z"}
{"level":"warn","message":"User already exists","service":"identity-service","timestamp":"2026-02-16T03:58:42.461Z"}
{"level":"info","message":"Received POST request to /api/auth/register","service":"identity-service","timestamp":"2026-02-16T03:58:53.314Z"}
{"level":"info","message":"Request body, [object Object]","service":"identity-service","timestamp":"2026-02-16T03:58:53.315Z"}
{"level":"info","message":"Registration endpoint hit...","service":"identity-service","timestamp":"2026-02-16T03:58:53.332Z"}
{"level":"warn","message":"User already exists","service":"identity-service","timestamp":"2026-02-16T03:58:53.534Z"}
{"level":"info","message":"Received POST request to /api/auth/register","service":"identity-service","timestamp":"2026-02-16T03:59:13.121Z"}
{"level":"info","message":"Request body, [object Object]","service":"identity-service","timestamp":"2026-02-16T03:59:13.121Z"}
{"level":"info","message":"Registration endpoint hit...","service":"identity-service","timestamp":"2026-02-16T03:59:13.133Z"}
{"buffer":{"data":[105,146,150,17,116,75,64,219,110,150,171,98],"type":"Buffer"},"level":"warn","message":"User save successfully","service":"identity-service","timestamp":"2026-02-16T03:59:13.685Z"}
{"level":"info","message":"Identity service running on port 3001","service":"identity-service","timestamp":"2026-02-16T07:10:29.124Z"}
{"level":"info","message":"Connected to mongodb","service":"identity-service","timestamp":"2026-02-16T07:10:32.274Z"}
{"level":"info","message":"Identity service running on port 3001","service":"identity-service","timestamp":"2026-02-16T07:14:20.966Z"}
{"level":"info","message":"Connected to mongodb","service":"identity-service","timestamp":"2026-02-16T07:14:23.300Z"}
{"level":"info","message":"Identity service running on port 3001","service":"identity-service","timestamp":"2026-02-17T01:44:08.790Z"}
{"level":"info","message":"Connected to mongodb","service":"identity-service","timestamp":"2026-02-17T01:44:10.771Z"}
{"level":"info","message":"Received POST request to /api/auth/login","service":"identity-service","timestamp":"2026-02-17T01:44:24.340Z"}
{"level":"info","message":"Request body, [object Object]","service":"identity-service","timestamp":"2026-02-17T01:44:24.341Z"}
{"level":"info","message":"Login endpoint hit...","service":"identity-service","timestamp":"2026-02-17T01:44:24.346Z"}
{"0":"\"","1":"u","10":" ","11":"i","12":"s","13":" ","14":"n","15":"o","16":"t","17":" ","18":"a","19":"l","2":"s","20":"l","21":"o","22":"w","23":"e","24":"d","3":"e","4":"r","5":"n","6":"a","7":"m","8":"e","9":"\"","level":"warn","message":"Validation error","service":"identity-service","timestamp":"2026-02-17T01:44:24.370Z"}
{"level":"info","message":"Received POST request to /api/auth/login","service":"identity-service","timestamp":"2026-02-17T01:44:52.546Z"}
{"level":"info","message":"Request body, [object Object]","service":"identity-service","timestamp":"2026-02-17T01:44:52.547Z"}
{"level":"info","message":"Login endpoint hit...","service":"identity-service","timestamp":"2026-02-17T01:44:52.549Z"}
{"level":"info","message":"Identity service running on port 3001","service":"identity-service","timestamp":"2026-02-17T02:05:36.384Z"}
{"code":"ECONNREFUSED","hostname":"_mongodb._tcp.social-media-microservi.4igrvrm.mongodb.net","level":"error","message":"Mongo connection error querySrv ECONNREFUSED _mongodb._tcp.social-media-microservi.4igrvrm.mongodb.net","service":"identity-service","stack":"Error: querySrv ECONNREFUSED _mongodb._tcp.social-media-microservi.4igrvrm.mongodb.net\n    at QueryReqWrap.onresolve [as oncomplete] (node:internal/dns/promises:294:17)","syscall":"querySrv","timestamp":"2026-02-17T02:05:36.666Z"}
{"level":"info","message":"Identity service running on port 3001","service":"identity-service","timestamp":"2026-02-17T02:13:53.103Z"}
{"level":"info","message":"Connected to mongodb","service":"identity-service","timestamp":"2026-02-17T02:13:55.210Z"}
{"level":"info","message":"Identity service running on port 3001","service":"identity-service","timestamp":"2026-02-17T02:19:15.127Z"}
{"level":"info","message":"Connected to mongodb","service":"identity-service","timestamp":"2026-02-17T02:19:17.829Z"}
{"level":"info","message":"Identity service running on port 3001","service":"identity-service","timestamp":"2026-02-17T04:00:56.355Z"}
{"level":"info","message":"Connected to mongodb","service":"identity-service","timestamp":"2026-02-17T04:00:59.351Z"}
{"level":"info","message":"Identity service running on port 3001","service":"identity-service","timestamp":"2026-02-17T04:02:10.424Z"}
{"level":"info","message":"Connected to mongodb","service":"identity-service","timestamp":"2026-02-17T04:02:12.418Z"}
{"level":"info","message":"Identity service running on port 3001","service":"identity-service","timestamp":"2026-02-17T04:03:24.006Z"}
{"level":"info","message":"Connected to mongodb","service":"identity-service","timestamp":"2026-02-17T04:03:26.089Z"}
{"level":"info","message":"Identity service running on port 3001","service":"identity-service","timestamp":"2026-02-17T07:09:07.763Z"}
{"level":"info","message":"Connected to mongodb","service":"identity-service","timestamp":"2026-02-17T07:09:10.097Z"}
{"level":"info","message":"Identity service running on port 3001","service":"identity-service","timestamp":"2026-02-17T07:10:47.660Z"}
{"level":"info","message":"Connected to mongodb","service":"identity-service","timestamp":"2026-02-17T07:10:49.738Z"}
{"level":"info","message":"Identity service running on port 3001","service":"identity-service","timestamp":"2026-02-20T01:30:21.714Z"}
{"level":"info","message":"Received POST request to /api/auth/login","service":"identity-service","timestamp":"2026-02-20T01:30:23.264Z"}
{"level":"info","message":"Request body, [object Object]","service":"identity-service","timestamp":"2026-02-20T01:30:23.265Z"}
{"level":"info","message":"Login endpoint hit...","service":"identity-service","timestamp":"2026-02-20T01:30:23.270Z"}
{"level":"info","message":"Connected to mongodb","service":"identity-service","timestamp":"2026-02-20T01:30:23.989Z"}
{"level":"info","message":"Identity service running on port 3001","service":"identity-service","timestamp":"2026-02-23T16:42:19.649Z"}
{"level":"info","message":"Connected to mongodb","service":"identity-service","timestamp":"2026-02-23T16:42:21.648Z"}
{"level":"info","message":"Identity service running on port 3001","service":"identity-service","timestamp":"2026-02-23T16:47:30.323Z"}
{"level":"info","message":"Connected to mongodb","service":"identity-service","timestamp":"2026-02-23T16:47:32.329Z"}
{"level":"info","message":"Identity service running on port 3001","service":"identity-service","timestamp":"2026-02-23T16:51:11.608Z"}
{"level":"info","message":"Connected to mongodb","service":"identity-service","timestamp":"2026-02-23T16:51:13.748Z"}
{"level":"info","message":"Received POST request to /api/auth/login","service":"identity-service","timestamp":"2026-02-23T16:51:26.701Z"}
{"level":"info","message":"Request body, [object Object]","service":"identity-service","timestamp":"2026-02-23T16:51:26.701Z"}
{"level":"info","message":"Login endpoint hit...","service":"identity-service","timestamp":"2026-02-23T16:51:26.722Z"}
{"level":"info","message":"Identity service running on port 3001","service":"identity-service","timestamp":"2026-04-22T08:49:39.957Z"}
{"code":"ENOTFOUND","hostname":"_mongodb._tcp.social-media-microservi.4igrvrm.mongodb.net","level":"error","message":"Mongo connection error querySrv ENOTFOUND _mongodb._tcp.social-media-microservi.4igrvrm.mongodb.net","service":"identity-service","stack":"Error: querySrv ENOTFOUND _mongodb._tcp.social-media-microservi.4igrvrm.mongodb.net\n    at QueryReqWrap.onresolve [as oncomplete] (node:internal/dns/promises:294:17)","syscall":"querySrv","timestamp":"2026-04-22T08:49:40.139Z"}
{"level":"info","message":"Identity service running on port 3001","service":"identity-service","timestamp":"2026-04-22T08:57:42.144Z"}
{"level":"info","message":"Connected to mongodb","service":"identity-service","timestamp":"2026-04-22T08:57:44.129Z"}
{"level":"info","message":"Received POST request to /api/auth/login","service":"identity-service","timestamp":"2026-04-22T12:57:00.868Z"}
{"level":"info","message":"Request body, [object Object]","service":"identity-service","timestamp":"2026-04-22T12:57:00.894Z"}
{"level":"info","message":"Login endpoint hit...","service":"identity-service","timestamp":"2026-04-22T12:57:00.935Z"}
{"level":"info","message":"Received POST request to /api/auth/login","service":"identity-service","timestamp":"2026-04-23T02:25:10.171Z"}
{"level":"info","message":"Request body, [object Object]","service":"identity-service","timestamp":"2026-04-23T02:25:10.242Z"}
{"level":"info","message":"Login endpoint hit...","service":"identity-service","timestamp":"2026-04-23T02:25:10.288Z"}
{"level":"info","message":"Received POST request to /api/auth/login","service":"identity-service","timestamp":"2026-04-23T08:26:49.981Z"}
{"level":"info","message":"Request body, [object Object]","service":"identity-service","timestamp":"2026-04-23T08:26:50.005Z"}
{"level":"info","message":"Login endpoint hit...","service":"identity-service","timestamp":"2026-04-23T08:26:50.035Z"}
{"level":"info","message":"Identity service running on port 3001","service":"identity-service","timestamp":"2026-04-24T09:47:03.312Z"}
{"level":"info","message":"Connected to mongodb","service":"identity-service","timestamp":"2026-04-24T09:47:05.269Z"}
{"level":"info","message":"Received POST request to /api/auth/login","service":"identity-service","timestamp":"2026-04-24T09:56:01.309Z"}
{"level":"info","message":"Request body, [object Object]","service":"identity-service","timestamp":"2026-04-24T09:56:01.309Z"}
{"level":"info","message":"Login endpoint hit...","service":"identity-service","timestamp":"2026-04-24T09:56:01.317Z"}
{"level":"info","message":"Received POST request to /api/auth/login","service":"identity-service","timestamp":"2026-04-25T01:55:27.979Z"}
{"level":"info","message":"Request body, [object Object]","service":"identity-service","timestamp":"2026-04-25T01:55:27.986Z"}
{"level":"info","message":"Login endpoint hit...","service":"identity-service","timestamp":"2026-04-25T01:55:28.004Z"}
{"level":"info","message":"Identity service running on port 3001","service":"identity-service","timestamp":"2026-04-28T12:00:47.952Z"}
{"level":"info","message":"Connected to mongodb","service":"identity-service","timestamp":"2026-04-28T12:00:50.615Z"}
{"level":"info","message":"Identity service running on port 3001","service":"identity-service","timestamp":"2026-05-02T13:22:47.283Z"}
{"level":"info","message":"Connected to mongodb","service":"identity-service","timestamp":"2026-05-02T13:22:49.269Z"}
{"level":"info","message":"Received POST request to /api/auth/login","service":"identity-service","timestamp":"2026-05-02T13:24:30.080Z"}
{"level":"info","message":"Request body, [object Object]","service":"identity-service","timestamp":"2026-05-02T13:24:30.081Z"}
{"level":"info","message":"Login endpoint hit...","service":"identity-service","timestamp":"2026-05-02T13:24:30.113Z"}
{"level":"info","message":"Identity service running on port 3001","service":"identity-service","timestamp":"2026-05-03T01:59:04.173Z"}
{"level":"info","message":"Connected to mongodb","service":"identity-service","timestamp":"2026-05-03T01:59:06.097Z"}
